c:\users\guy\desktop\chess\project1\project1\debug\vc141.pdb
c:\users\guy\desktop\chess\project1\project1\debug\vc141.idb
c:\users\guy\desktop\chess\project1\project1\debug\game.obj
c:\users\guy\desktop\chess\project1\project1\debug\maincpp.obj
c:\users\guy\desktop\chess\project1\project1\debug\tool.obj
c:\users\guy\desktop\chess\project1\project1\debug\project1.res
c:\users\guy\desktop\chess\project1\debug\project1.pdb
c:\users\guy\desktop\chess\project1\project1\debug\project1.tlog\cl.command.1.tlog
c:\users\guy\desktop\chess\project1\project1\debug\project1.tlog\cl.read.1.tlog
c:\users\guy\desktop\chess\project1\project1\debug\project1.tlog\cl.write.1.tlog
c:\users\guy\desktop\chess\project1\project1\debug\project1.tlog\link-cvtres.read.1.tlog
c:\users\guy\desktop\chess\project1\project1\debug\project1.tlog\link-cvtres.write.1.tlog
c:\users\guy\desktop\chess\project1\project1\debug\project1.tlog\link-rc.read.1.tlog
c:\users\guy\desktop\chess\project1\project1\debug\project1.tlog\link-rc.write.1.tlog
c:\users\guy\desktop\chess\project1\project1\debug\project1.tlog\link.command.1.tlog
c:\users\guy\desktop\chess\project1\project1\debug\project1.tlog\link.read.1.tlog
c:\users\guy\desktop\chess\project1\project1\debug\project1.tlog\link.write.1.tlog
c:\users\guy\desktop\chess\project1\project1\debug\project1.tlog\rc.command.1.tlog
c:\users\guy\desktop\chess\project1\project1\debug\project1.tlog\rc.read.1.tlog
c:\users\guy\desktop\chess\project1\project1\debug\project1.tlog\rc.write.1.tlog
